{"C:\\Users\\mateu\\Desktop\\BackEcosRev5s\\api\\middleware\\auth.js": {"path":"C:\\Users\\mateu\\Desktop\\BackEcosRev5s\\api\\middleware\\auth.js","statementMap":{"0":{"start":{"line":5,"column":18},"end":{"line":5,"column":44}},"1":{"start":{"line":6,"column":4},"end":{"line":8,"column":6}},"2":{"start":{"line":6,"column":15},"end":{"line":8,"column":6}},"3":{"start":{"line":9,"column":4},"end":{"line":15,"column":5}},"4":{"start":{"line":10,"column":24},"end":{"line":10,"column":65}},"5":{"start":{"line":11,"column":7},"end":{"line":11,"column":42}},"6":{"start":{"line":12,"column":7},"end":{"line":12,"column":13}},"7":{"start":{"line":14,"column":8},"end":{"line":14,"column":69}}},"fnMap":{"0":{"name":"auth","decl":{"start":{"line":4,"column":30},"end":{"line":4,"column":34}},"loc":{"start":{"line":4,"column":50},"end":{"line":16,"column":1}},"line":4}},"branchMap":{"0":{"loc":{"start":{"line":6,"column":4},"end":{"line":8,"column":6}},"type":"if","locations":[{"start":{"line":6,"column":4},"end":{"line":8,"column":6}},{"start":{},"end":{}}],"line":6}},"s":{"0":50,"1":50,"2":2,"3":48,"4":48,"5":46,"6":46,"7":2},"f":{"0":50},"b":{"0":[2,48]},"inputSourceMap":null,"_coverageSchema":"1a1c01bbd47fc00a2c39e90264f33305004495a9","hash":"f0a7a3d6dd3f2637197fcb32c97abcac99f59fb1"}
,"C:\\Users\\mateu\\Desktop\\BackEcosRev5s\\api\\routes\\beneficio.js": {"path":"C:\\Users\\mateu\\Desktop\\BackEcosRev5s\\api\\routes\\beneficio.js","statementMap":{"0":{"start":{"line":17,"column":15},"end":{"line":17,"column":31}},"1":{"start":{"line":19,"column":24},"end":{"line":61,"column":1}},"2":{"start":{"line":51,"column":6},"end":{"line":53,"column":7}},"3":{"start":{"line":52,"column":8},"end":{"line":52,"column":70}},"4":{"start":{"line":54,"column":6},"end":{"line":54,"column":18}},"5":{"start":{"line":63,"column":25},"end":{"line":67,"column":1}},"6":{"start":{"line":70,"column":0},"end":{"line":85,"column":3}},"7":{"start":{"line":71,"column":33},"end":{"line":71,"column":42}},"8":{"start":{"line":72,"column":2},"end":{"line":84,"column":3}},"9":{"start":{"line":73,"column":17},"end":{"line":77,"column":6}},"10":{"start":{"line":78,"column":4},"end":{"line":78,"column":31}},"11":{"start":{"line":80,"column":4},"end":{"line":83,"column":7}},"12":{"start":{"line":88,"column":0},"end":{"line":103,"column":3}},"13":{"start":{"line":89,"column":33},"end":{"line":89,"column":42}},"14":{"start":{"line":90,"column":2},"end":{"line":102,"column":3}},"15":{"start":{"line":91,"column":17},"end":{"line":95,"column":6}},"16":{"start":{"line":96,"column":4},"end":{"line":96,"column":31}},"17":{"start":{"line":98,"column":4},"end":{"line":101,"column":7}},"18":{"start":{"line":106,"column":0},"end":{"line":124,"column":3}},"19":{"start":{"line":107,"column":2},"end":{"line":123,"column":3}},"20":{"start":{"line":108,"column":16},"end":{"line":108,"column":54}},"21":{"start":{"line":109,"column":4},"end":{"line":111,"column":5}},"22":{"start":{"line":110,"column":6},"end":{"line":110,"column":71}},"23":{"start":{"line":112,"column":4},"end":{"line":112,"column":30}},"24":{"start":{"line":114,"column":4},"end":{"line":122,"column":7}},"25":{"start":{"line":127,"column":0},"end":{"line":143,"column":3}},"26":{"start":{"line":128,"column":2},"end":{"line":142,"column":3}},"27":{"start":{"line":129,"column":19},"end":{"line":129,"column":47}},"28":{"start":{"line":130,"column":17},"end":{"line":130,"column":50}},"29":{"start":{"line":131,"column":4},"end":{"line":131,"column":31}},"30":{"start":{"line":133,"column":4},"end":{"line":141,"column":7}},"31":{"start":{"line":146,"column":0},"end":{"line":165,"column":3}},"32":{"start":{"line":147,"column":2},"end":{"line":164,"column":3}},"33":{"start":{"line":148,"column":19},"end":{"line":148,"column":59}},"34":{"start":{"line":149,"column":4},"end":{"line":161,"column":5}},"35":{"start":{"line":150,"column":6},"end":{"line":158,"column":9}},"36":{"start":{"line":160,"column":6},"end":{"line":160,"column":70}},"37":{"start":{"line":163,"column":4},"end":{"line":163,"column":49}},"38":{"start":{"line":168,"column":0},"end":{"line":179,"column":3}},"39":{"start":{"line":169,"column":2},"end":{"line":178,"column":3}},"40":{"start":{"line":170,"column":19},"end":{"line":170,"column":40}},"41":{"start":{"line":171,"column":4},"end":{"line":173,"column":5}},"42":{"start":{"line":172,"column":6},"end":{"line":172,"column":62}},"43":{"start":{"line":174,"column":19},"end":{"line":174,"column":50}},"44":{"start":{"line":175,"column":4},"end":{"line":175,"column":33}},"45":{"start":{"line":177,"column":4},"end":{"line":177,"column":71}},"46":{"start":{"line":182,"column":0},"end":{"line":195,"column":3}},"47":{"start":{"line":183,"column":20},"end":{"line":183,"column":31}},"48":{"start":{"line":184,"column":2},"end":{"line":184,"column":21}},"49":{"start":{"line":185,"column":2},"end":{"line":194,"column":3}},"50":{"start":{"line":186,"column":19},"end":{"line":186,"column":40}},"51":{"start":{"line":187,"column":4},"end":{"line":189,"column":5}},"52":{"start":{"line":188,"column":6},"end":{"line":188,"column":62}},"53":{"start":{"line":190,"column":19},"end":{"line":190,"column":63}},"54":{"start":{"line":191,"column":4},"end":{"line":191,"column":33}},"55":{"start":{"line":193,"column":4},"end":{"line":193,"column":50}},"56":{"start":{"line":198,"column":0},"end":{"line":211,"column":3}},"57":{"start":{"line":199,"column":20},"end":{"line":199,"column":31}},"58":{"start":{"line":200,"column":2},"end":{"line":200,"column":21}},"59":{"start":{"line":201,"column":2},"end":{"line":210,"column":3}},"60":{"start":{"line":202,"column":19},"end":{"line":202,"column":40}},"61":{"start":{"line":203,"column":4},"end":{"line":205,"column":5}},"62":{"start":{"line":204,"column":6},"end":{"line":204,"column":62}},"63":{"start":{"line":206,"column":19},"end":{"line":206,"column":84}},"64":{"start":{"line":207,"column":4},"end":{"line":207,"column":33}},"65":{"start":{"line":209,"column":4},"end":{"line":209,"column":50}}},"fnMap":{"0":{"name":"(anonymous_0)","decl":{"start":{"line":50,"column":12},"end":{"line":50,"column":13}},"loc":{"start":{"line":50,"column":32},"end":{"line":55,"column":5}},"line":50},"1":{"name":"(anonymous_1)","decl":{"start":{"line":70,"column":22},"end":{"line":70,"column":23}},"loc":{"start":{"line":70,"column":42},"end":{"line":85,"column":1}},"line":70},"2":{"name":"(anonymous_2)","decl":{"start":{"line":88,"column":24},"end":{"line":88,"column":25}},"loc":{"start":{"line":88,"column":44},"end":{"line":103,"column":1}},"line":88},"3":{"name":"(anonymous_3)","decl":{"start":{"line":106,"column":28},"end":{"line":106,"column":29}},"loc":{"start":{"line":106,"column":48},"end":{"line":124,"column":1}},"line":106},"4":{"name":"(anonymous_4)","decl":{"start":{"line":127,"column":34},"end":{"line":127,"column":35}},"loc":{"start":{"line":127,"column":54},"end":{"line":143,"column":1}},"line":127},"5":{"name":"(anonymous_5)","decl":{"start":{"line":146,"column":28},"end":{"line":146,"column":29}},"loc":{"start":{"line":146,"column":48},"end":{"line":165,"column":1}},"line":146},"6":{"name":"(anonymous_6)","decl":{"start":{"line":168,"column":40},"end":{"line":168,"column":41}},"loc":{"start":{"line":168,"column":60},"end":{"line":179,"column":1}},"line":168},"7":{"name":"(anonymous_7)","decl":{"start":{"line":182,"column":39},"end":{"line":182,"column":40}},"loc":{"start":{"line":182,"column":59},"end":{"line":195,"column":1}},"line":182},"8":{"name":"(anonymous_8)","decl":{"start":{"line":198,"column":47},"end":{"line":198,"column":48}},"loc":{"start":{"line":198,"column":67},"end":{"line":211,"column":1}},"line":198}},"branchMap":{"0":{"loc":{"start":{"line":51,"column":6},"end":{"line":53,"column":7}},"type":"if","locations":[{"start":{"line":51,"column":6},"end":{"line":53,"column":7}},{"start":{},"end":{}}],"line":51},"1":{"loc":{"start":{"line":74,"column":13},"end":{"line":74,"column":24}},"type":"binary-expr","locations":[{"start":{"line":74,"column":13},"end":{"line":74,"column":18}},{"start":{"line":74,"column":22},"end":{"line":74,"column":24}}],"line":74},"2":{"loc":{"start":{"line":75,"column":12},"end":{"line":75,"column":21}},"type":"binary-expr","locations":[{"start":{"line":75,"column":12},"end":{"line":75,"column":16}},{"start":{"line":75,"column":20},"end":{"line":75,"column":21}}],"line":75},"3":{"loc":{"start":{"line":76,"column":13},"end":{"line":76,"column":26}},"type":"binary-expr","locations":[{"start":{"line":76,"column":13},"end":{"line":76,"column":18}},{"start":{"line":76,"column":22},"end":{"line":76,"column":26}}],"line":76},"4":{"loc":{"start":{"line":92,"column":13},"end":{"line":92,"column":24}},"type":"binary-expr","locations":[{"start":{"line":92,"column":13},"end":{"line":92,"column":18}},{"start":{"line":92,"column":22},"end":{"line":92,"column":24}}],"line":92},"5":{"loc":{"start":{"line":93,"column":12},"end":{"line":93,"column":21}},"type":"binary-expr","locations":[{"start":{"line":93,"column":12},"end":{"line":93,"column":16}},{"start":{"line":93,"column":20},"end":{"line":93,"column":21}}],"line":93},"6":{"loc":{"start":{"line":94,"column":13},"end":{"line":94,"column":26}},"type":"binary-expr","locations":[{"start":{"line":94,"column":13},"end":{"line":94,"column":18}},{"start":{"line":94,"column":22},"end":{"line":94,"column":26}}],"line":94},"7":{"loc":{"start":{"line":109,"column":4},"end":{"line":111,"column":5}},"type":"if","locations":[{"start":{"line":109,"column":4},"end":{"line":111,"column":5}},{"start":{},"end":{}}],"line":109},"8":{"loc":{"start":{"line":149,"column":4},"end":{"line":161,"column":5}},"type":"if","locations":[{"start":{"line":149,"column":4},"end":{"line":161,"column":5}},{"start":{"line":159,"column":11},"end":{"line":161,"column":5}}],"line":149},"9":{"loc":{"start":{"line":171,"column":4},"end":{"line":173,"column":5}},"type":"if","locations":[{"start":{"line":171,"column":4},"end":{"line":173,"column":5}},{"start":{},"end":{}}],"line":171},"10":{"loc":{"start":{"line":187,"column":4},"end":{"line":189,"column":5}},"type":"if","locations":[{"start":{"line":187,"column":4},"end":{"line":189,"column":5}},{"start":{},"end":{}}],"line":187},"11":{"loc":{"start":{"line":203,"column":4},"end":{"line":205,"column":5}},"type":"if","locations":[{"start":{"line":203,"column":4},"end":{"line":205,"column":5}},{"start":{},"end":{}}],"line":203}},"s":{"0":1,"1":1,"2":5,"3":1,"4":4,"5":1,"6":1,"7":3,"8":3,"9":3,"10":2,"11":1,"12":1,"13":1,"14":1,"15":1,"16":1,"17":0,"18":1,"19":2,"20":2,"21":2,"22":1,"23":1,"24":0,"25":1,"26":1,"27":1,"28":1,"29":1,"30":0,"31":1,"32":2,"33":2,"34":2,"35":1,"36":1,"37":0,"38":1,"39":4,"40":4,"41":4,"42":3,"43":1,"44":1,"45":0,"46":1,"47":1,"48":1,"49":1,"50":1,"51":1,"52":0,"53":1,"54":1,"55":0,"56":1,"57":2,"58":2,"59":2,"60":2,"61":2,"62":1,"63":1,"64":1,"65":0},"f":{"0":5,"1":3,"2":1,"3":2,"4":1,"5":2,"6":4,"7":1,"8":2},"b":{"0":[1,4],"1":[3,2],"2":[3,2],"3":[3,2],"4":[1,1],"5":[1,1],"6":[1,1],"7":[1,1],"8":[1,1],"9":[3,1],"10":[0,1],"11":[1,1]},"inputSourceMap":null,"_coverageSchema":"1a1c01bbd47fc00a2c39e90264f33305004495a9","hash":"89cdb9d79d3c8eaa46b246159bd91e9434e2bf37"}
,"C:\\Users\\mateu\\Desktop\\BackEcosRev5s\\api\\routes\\histRouter.js": {"path":"C:\\Users\\mateu\\Desktop\\BackEcosRev5s\\api\\routes\\histRouter.js","statementMap":{"0":{"start":{"line":12,"column":15},"end":{"line":12,"column":31}},"1":{"start":{"line":15,"column":15},"end":{"line":17,"column":22}},"2":{"start":{"line":18,"column":2},"end":{"line":18,"column":14}},"3":{"start":{"line":22,"column":0},"end":{"line":46,"column":3}},"4":{"start":{"line":23,"column":2},"end":{"line":45,"column":3}},"5":{"start":{"line":24,"column":38},"end":{"line":24,"column":46}},"6":{"start":{"line":25,"column":4},"end":{"line":27,"column":5}},"7":{"start":{"line":26,"column":6},"end":{"line":26,"column":78}},"8":{"start":{"line":28,"column":23},"end":{"line":28,"column":42}},"9":{"start":{"line":29,"column":4},"end":{"line":29,"column":72}},"10":{"start":{"line":30,"column":4},"end":{"line":30,"column":85}},"11":{"start":{"line":33,"column":4},"end":{"line":38,"column":5}},"12":{"start":{"line":34,"column":6},"end":{"line":37,"column":9}},"13":{"start":{"line":40,"column":4},"end":{"line":40,"column":67}},"14":{"start":{"line":41,"column":4},"end":{"line":44,"column":7}},"15":{"start":{"line":49,"column":0},"end":{"line":61,"column":3}},"16":{"start":{"line":50,"column":2},"end":{"line":60,"column":3}},"17":{"start":{"line":51,"column":58},"end":{"line":51,"column":66}},"18":{"start":{"line":52,"column":4},"end":{"line":54,"column":5}},"19":{"start":{"line":53,"column":6},"end":{"line":53,"column":78}},"20":{"start":{"line":55,"column":23},"end":{"line":55,"column":42}},"21":{"start":{"line":56,"column":4},"end":{"line":56,"column":96}},"22":{"start":{"line":57,"column":4},"end":{"line":57,"column":88}},"23":{"start":{"line":59,"column":4},"end":{"line":59,"column":92}},"24":{"start":{"line":64,"column":0},"end":{"line":93,"column":3}},"25":{"start":{"line":65,"column":2},"end":{"line":92,"column":3}},"26":{"start":{"line":66,"column":26},"end":{"line":66,"column":36}},"27":{"start":{"line":67,"column":27},"end":{"line":67,"column":36}},"28":{"start":{"line":68,"column":26},"end":{"line":68,"column":77}},"29":{"start":{"line":69,"column":24},"end":{"line":69,"column":71}},"30":{"start":{"line":71,"column":26},"end":{"line":71,"column":94}},"31":{"start":{"line":72,"column":32},"end":{"line":72,"column":104}},"32":{"start":{"line":75,"column":6},"end":{"line":75,"column":52}},"33":{"start":{"line":78,"column":20},"end":{"line":87,"column":57}},"34":{"start":{"line":79,"column":36},"end":{"line":82,"column":7}},"35":{"start":{"line":83,"column":42},"end":{"line":86,"column":7}},"36":{"start":{"line":87,"column":21},"end":{"line":87,"column":56}},"37":{"start":{"line":89,"column":4},"end":{"line":89,"column":34}},"38":{"start":{"line":91,"column":4},"end":{"line":91,"column":89}},"39":{"start":{"line":96,"column":0},"end":{"line":131,"column":3}},"40":{"start":{"line":97,"column":2},"end":{"line":130,"column":3}},"41":{"start":{"line":98,"column":27},"end":{"line":98,"column":36}},"42":{"start":{"line":99,"column":26},"end":{"line":99,"column":77}},"43":{"start":{"line":100,"column":24},"end":{"line":100,"column":71}},"44":{"start":{"line":102,"column":26},"end":{"line":102,"column":77}},"45":{"start":{"line":103,"column":32},"end":{"line":103,"column":87}},"46":{"start":{"line":106,"column":6},"end":{"line":106,"column":52}},"47":{"start":{"line":109,"column":20},"end":{"line":118,"column":57}},"48":{"start":{"line":110,"column":36},"end":{"line":113,"column":7}},"49":{"start":{"line":114,"column":42},"end":{"line":117,"column":7}},"50":{"start":{"line":118,"column":21},"end":{"line":118,"column":56}},"51":{"start":{"line":121,"column":19},"end":{"line":125,"column":10}},"52":{"start":{"line":122,"column":6},"end":{"line":122,"column":57}},"53":{"start":{"line":122,"column":32},"end":{"line":122,"column":57}},"54":{"start":{"line":123,"column":6},"end":{"line":123,"column":37}},"55":{"start":{"line":124,"column":6},"end":{"line":124,"column":17}},"56":{"start":{"line":127,"column":4},"end":{"line":127,"column":33}},"57":{"start":{"line":129,"column":4},"end":{"line":129,"column":89}}},"fnMap":{"0":{"name":"getBrazilDateTime","decl":{"start":{"line":14,"column":9},"end":{"line":14,"column":26}},"loc":{"start":{"line":14,"column":29},"end":{"line":19,"column":1}},"line":14},"1":{"name":"(anonymous_1)","decl":{"start":{"line":22,"column":23},"end":{"line":22,"column":24}},"loc":{"start":{"line":22,"column":43},"end":{"line":46,"column":1}},"line":22},"2":{"name":"(anonymous_2)","decl":{"start":{"line":49,"column":27},"end":{"line":49,"column":28}},"loc":{"start":{"line":49,"column":47},"end":{"line":61,"column":1}},"line":49},"3":{"name":"(anonymous_3)","decl":{"start":{"line":64,"column":26},"end":{"line":64,"column":27}},"loc":{"start":{"line":64,"column":46},"end":{"line":93,"column":1}},"line":64},"4":{"name":"formatDateToBrazil","decl":{"start":{"line":74,"column":13},"end":{"line":74,"column":31}},"loc":{"start":{"line":74,"column":38},"end":{"line":76,"column":5}},"line":74},"5":{"name":"(anonymous_5)","decl":{"start":{"line":79,"column":27},"end":{"line":79,"column":28}},"loc":{"start":{"line":79,"column":36},"end":{"line":82,"column":7}},"line":79},"6":{"name":"(anonymous_6)","decl":{"start":{"line":83,"column":33},"end":{"line":83,"column":34}},"loc":{"start":{"line":83,"column":42},"end":{"line":86,"column":7}},"line":83},"7":{"name":"(anonymous_7)","decl":{"start":{"line":87,"column":11},"end":{"line":87,"column":12}},"loc":{"start":{"line":87,"column":21},"end":{"line":87,"column":56}},"line":87},"8":{"name":"(anonymous_8)","decl":{"start":{"line":96,"column":16},"end":{"line":96,"column":17}},"loc":{"start":{"line":96,"column":36},"end":{"line":131,"column":1}},"line":96},"9":{"name":"formatDateToBrazil","decl":{"start":{"line":105,"column":13},"end":{"line":105,"column":31}},"loc":{"start":{"line":105,"column":38},"end":{"line":107,"column":5}},"line":105},"10":{"name":"(anonymous_10)","decl":{"start":{"line":110,"column":27},"end":{"line":110,"column":28}},"loc":{"start":{"line":110,"column":36},"end":{"line":113,"column":7}},"line":110},"11":{"name":"(anonymous_11)","decl":{"start":{"line":114,"column":33},"end":{"line":114,"column":34}},"loc":{"start":{"line":114,"column":42},"end":{"line":117,"column":7}},"line":114},"12":{"name":"(anonymous_12)","decl":{"start":{"line":118,"column":11},"end":{"line":118,"column":12}},"loc":{"start":{"line":118,"column":21},"end":{"line":118,"column":56}},"line":118},"13":{"name":"(anonymous_13)","decl":{"start":{"line":121,"column":34},"end":{"line":121,"column":35}},"loc":{"start":{"line":121,"column":49},"end":{"line":125,"column":5}},"line":121}},"branchMap":{"0":{"loc":{"start":{"line":25,"column":4},"end":{"line":27,"column":5}},"type":"if","locations":[{"start":{"line":25,"column":4},"end":{"line":27,"column":5}},{"start":{},"end":{}}],"line":25},"1":{"loc":{"start":{"line":25,"column":8},"end":{"line":25,"column":36}},"type":"binary-expr","locations":[{"start":{"line":25,"column":8},"end":{"line":25,"column":11}},{"start":{"line":25,"column":15},"end":{"line":25,"column":25}},{"start":{"line":25,"column":29},"end":{"line":25,"column":36}}],"line":25},"2":{"loc":{"start":{"line":33,"column":4},"end":{"line":38,"column":5}},"type":"if","locations":[{"start":{"line":33,"column":4},"end":{"line":38,"column":5}},{"start":{},"end":{}}],"line":33},"3":{"loc":{"start":{"line":33,"column":8},"end":{"line":33,"column":153}},"type":"binary-expr","locations":[{"start":{"line":33,"column":8},"end":{"line":33,"column":37}},{"start":{"line":33,"column":41},"end":{"line":33,"column":63}},{"start":{"line":33,"column":67},"end":{"line":33,"column":106}},{"start":{"line":33,"column":110},"end":{"line":33,"column":153}}],"line":33},"4":{"loc":{"start":{"line":52,"column":4},"end":{"line":54,"column":5}},"type":"if","locations":[{"start":{"line":52,"column":4},"end":{"line":54,"column":5}},{"start":{},"end":{}}],"line":52},"5":{"loc":{"start":{"line":52,"column":8},"end":{"line":52,"column":59}},"type":"binary-expr","locations":[{"start":{"line":52,"column":8},"end":{"line":52,"column":18}},{"start":{"line":52,"column":22},"end":{"line":52,"column":34}},{"start":{"line":52,"column":38},"end":{"line":52,"column":48}},{"start":{"line":52,"column":52},"end":{"line":52,"column":59}}],"line":52},"6":{"loc":{"start":{"line":68,"column":26},"end":{"line":68,"column":77}},"type":"cond-expr","locations":[{"start":{"line":68,"column":34},"end":{"line":68,"column":53}},{"start":{"line":68,"column":56},"end":{"line":68,"column":77}}],"line":68},"7":{"loc":{"start":{"line":69,"column":24},"end":{"line":69,"column":71}},"type":"cond-expr","locations":[{"start":{"line":69,"column":30},"end":{"line":69,"column":47}},{"start":{"line":69,"column":50},"end":{"line":69,"column":71}}],"line":69},"8":{"loc":{"start":{"line":99,"column":26},"end":{"line":99,"column":77}},"type":"cond-expr","locations":[{"start":{"line":99,"column":34},"end":{"line":99,"column":53}},{"start":{"line":99,"column":56},"end":{"line":99,"column":77}}],"line":99},"9":{"loc":{"start":{"line":100,"column":24},"end":{"line":100,"column":71}},"type":"cond-expr","locations":[{"start":{"line":100,"column":30},"end":{"line":100,"column":47}},{"start":{"line":100,"column":50},"end":{"line":100,"column":71}}],"line":100},"10":{"loc":{"start":{"line":122,"column":6},"end":{"line":122,"column":57}},"type":"if","locations":[{"start":{"line":122,"column":6},"end":{"line":122,"column":57}},{"start":{},"end":{}}],"line":122}},"s":{"0":1,"1":5,"2":5,"3":1,"4":4,"5":4,"6":4,"7":1,"8":3,"9":3,"10":1,"11":2,"12":1,"13":1,"14":1,"15":1,"16":3,"17":3,"18":3,"19":1,"20":2,"21":2,"22":1,"23":1,"24":1,"25":4,"26":4,"27":4,"28":4,"29":4,"30":4,"31":3,"32":4,"33":3,"34":2,"35":2,"36":2,"37":3,"38":1,"39":1,"40":4,"41":4,"42":4,"43":4,"44":4,"45":3,"46":3,"47":3,"48":2,"49":1,"50":2,"51":3,"52":3,"53":2,"54":3,"55":3,"56":3,"57":1},"f":{"0":5,"1":4,"2":3,"3":4,"4":4,"5":2,"6":2,"7":2,"8":4,"9":3,"10":2,"11":1,"12":2,"13":3},"b":{"0":[1,3],"1":[4,4,3],"2":[1,1],"3":[2,1,1,1],"4":[1,2],"5":[3,3,2,2],"6":[1,3],"7":[1,3],"8":[1,3],"9":[1,3],"10":[2,1]},"inputSourceMap":null,"_coverageSchema":"1a1c01bbd47fc00a2c39e90264f33305004495a9","hash":"54eaab80ef4463840f8ac68ac17f4e10b1b97a44"}
,"C:\\Users\\mateu\\Desktop\\BackEcosRev5s\\api\\routes\\upload.js": {"path":"C:\\Users\\mateu\\Desktop\\BackEcosRev5s\\api\\routes\\upload.js","statementMap":{"0":{"start":{"line":10,"column":15},"end":{"line":10,"column":31}},"1":{"start":{"line":12,"column":16},"end":{"line":19,"column":2}},"2":{"start":{"line":21,"column":15},"end":{"line":24,"column":2}},"3":{"start":{"line":26,"column":0},"end":{"line":68,"column":3}},"4":{"start":{"line":27,"column":2},"end":{"line":67,"column":3}},"5":{"start":{"line":28,"column":4},"end":{"line":30,"column":5}},"6":{"start":{"line":29,"column":6},"end":{"line":29,"column":71}},"7":{"start":{"line":32,"column":19},"end":{"line":32,"column":33}},"8":{"start":{"line":33,"column":19},"end":{"line":40,"column":7}},"9":{"start":{"line":43,"column":22},"end":{"line":43,"column":48}},"10":{"start":{"line":44,"column":6},"end":{"line":59,"column":7}},"11":{"start":{"line":46,"column":25},"end":{"line":46,"column":68}},"12":{"start":{"line":47,"column":8},"end":{"line":54,"column":9}},"13":{"start":{"line":48,"column":10},"end":{"line":53,"column":11}},"14":{"start":{"line":49,"column":12},"end":{"line":49,"column":66}},"15":{"start":{"line":51,"column":12},"end":{"line":51,"column":84}},"16":{"start":{"line":52,"column":12},"end":{"line":52,"column":125}},"17":{"start":{"line":57,"column":8},"end":{"line":57,"column":60}},"18":{"start":{"line":58,"column":8},"end":{"line":58,"column":77}},"19":{"start":{"line":62,"column":21},"end":{"line":62,"column":44}},"20":{"start":{"line":63,"column":6},"end":{"line":63,"column":62}},"21":{"start":{"line":64,"column":6},"end":{"line":64,"column":61}},"22":{"start":{"line":66,"column":4},"end":{"line":66,"column":83}},"23":{"start":{"line":71,"column":0},"end":{"line":79,"column":3}},"24":{"start":{"line":72,"column":2},"end":{"line":78,"column":3}},"25":{"start":{"line":73,"column":16},"end":{"line":73,"column":50}},"26":{"start":{"line":74,"column":4},"end":{"line":74,"column":80}},"27":{"start":{"line":74,"column":14},"end":{"line":74,"column":80}},"28":{"start":{"line":75,"column":4},"end":{"line":75,"column":30}},"29":{"start":{"line":77,"column":4},"end":{"line":77,"column":49}},"30":{"start":{"line":82,"column":0},"end":{"line":110,"column":3}},"31":{"start":{"line":83,"column":2},"end":{"line":109,"column":3}},"32":{"start":{"line":84,"column":15},"end":{"line":84,"column":28}},"33":{"start":{"line":85,"column":16},"end":{"line":85,"column":39}},"34":{"start":{"line":86,"column":4},"end":{"line":88,"column":5}},"35":{"start":{"line":87,"column":6},"end":{"line":87,"column":72}},"36":{"start":{"line":91,"column":4},"end":{"line":99,"column":5}},"37":{"start":{"line":92,"column":6},"end":{"line":94,"column":7}},"38":{"start":{"line":93,"column":8},"end":{"line":93,"column":57}},"39":{"start":{"line":97,"column":6},"end":{"line":97,"column":64}},"40":{"start":{"line":98,"column":6},"end":{"line":98,"column":113}},"41":{"start":{"line":101,"column":19},"end":{"line":101,"column":44}},"42":{"start":{"line":102,"column":4},"end":{"line":104,"column":5}},"43":{"start":{"line":103,"column":6},"end":{"line":103,"column":96}},"44":{"start":{"line":106,"column":4},"end":{"line":106,"column":79}},"45":{"start":{"line":108,"column":4},"end":{"line":108,"column":49}}},"fnMap":{"0":{"name":"(anonymous_0)","decl":{"start":{"line":26,"column":52},"end":{"line":26,"column":53}},"loc":{"start":{"line":26,"column":72},"end":{"line":68,"column":1}},"line":26},"1":{"name":"(anonymous_1)","decl":{"start":{"line":71,"column":19},"end":{"line":71,"column":20}},"loc":{"start":{"line":71,"column":39},"end":{"line":79,"column":1}},"line":71},"2":{"name":"(anonymous_2)","decl":{"start":{"line":82,"column":22},"end":{"line":82,"column":23}},"loc":{"start":{"line":82,"column":42},"end":{"line":110,"column":1}},"line":82}},"branchMap":{"0":{"loc":{"start":{"line":28,"column":4},"end":{"line":30,"column":5}},"type":"if","locations":[{"start":{"line":28,"column":4},"end":{"line":30,"column":5}},{"start":{},"end":{}}],"line":28},"1":{"loc":{"start":{"line":44,"column":6},"end":{"line":59,"column":7}},"type":"if","locations":[{"start":{"line":44,"column":6},"end":{"line":59,"column":7}},{"start":{},"end":{}}],"line":44},"2":{"loc":{"start":{"line":44,"column":10},"end":{"line":44,"column":43}},"type":"binary-expr","locations":[{"start":{"line":44,"column":10},"end":{"line":44,"column":17}},{"start":{"line":44,"column":21},"end":{"line":44,"column":43}}],"line":44},"3":{"loc":{"start":{"line":47,"column":8},"end":{"line":54,"column":9}},"type":"if","locations":[{"start":{"line":47,"column":8},"end":{"line":54,"column":9}},{"start":{},"end":{}}],"line":47},"4":{"loc":{"start":{"line":47,"column":12},"end":{"line":47,"column":42}},"type":"binary-expr","locations":[{"start":{"line":47,"column":12},"end":{"line":47,"column":20}},{"start":{"line":47,"column":24},"end":{"line":47,"column":42}}],"line":47},"5":{"loc":{"start":{"line":74,"column":4},"end":{"line":74,"column":80}},"type":"if","locations":[{"start":{"line":74,"column":4},"end":{"line":74,"column":80}},{"start":{},"end":{}}],"line":74},"6":{"loc":{"start":{"line":86,"column":4},"end":{"line":88,"column":5}},"type":"if","locations":[{"start":{"line":86,"column":4},"end":{"line":88,"column":5}},{"start":{},"end":{}}],"line":86},"7":{"loc":{"start":{"line":92,"column":6},"end":{"line":94,"column":7}},"type":"if","locations":[{"start":{"line":92,"column":6},"end":{"line":94,"column":7}},{"start":{},"end":{}}],"line":92},"8":{"loc":{"start":{"line":102,"column":4},"end":{"line":104,"column":5}},"type":"if","locations":[{"start":{"line":102,"column":4},"end":{"line":104,"column":5}},{"start":{},"end":{}}],"line":102}},"s":{"0":1,"1":1,"2":1,"3":1,"4":6,"5":6,"6":1,"7":5,"8":5,"9":5,"10":4,"11":3,"12":3,"13":2,"14":2,"15":1,"16":1,"17":2,"18":2,"19":1,"20":1,"21":1,"22":1,"23":1,"24":3,"25":3,"26":2,"27":1,"28":1,"29":1,"30":1,"31":6,"32":6,"33":6,"34":5,"35":1,"36":4,"37":4,"38":3,"39":1,"40":1,"41":3,"42":3,"43":1,"44":2,"45":1},"f":{"0":6,"1":3,"2":6},"b":{"0":[1,5],"1":[3,1],"2":[4,4],"3":[2,1],"4":[3,3],"5":[1,1],"6":[1,4],"7":[3,1],"8":[1,2]},"inputSourceMap":null,"_coverageSchema":"1a1c01bbd47fc00a2c39e90264f33305004495a9","hash":"619e108a16231a6dce8262c572eb9f1403c0311d"}
,"C:\\Users\\mateu\\Desktop\\BackEcosRev5s\\api\\routes\\usuario.js": {"path":"C:\\Users\\mateu\\Desktop\\BackEcosRev5s\\api\\routes\\usuario.js","statementMap":{"0":{"start":{"line":29,"column":15},"end":{"line":29,"column":31}},"1":{"start":{"line":31,"column":22},"end":{"line":134,"column":1}},"2":{"start":{"line":50,"column":30},"end":{"line":50,"column":49}},"3":{"start":{"line":54,"column":19},"end":{"line":54,"column":45}},"4":{"start":{"line":55,"column":6},"end":{"line":57,"column":7}},"5":{"start":{"line":56,"column":8},"end":{"line":56,"column":68}},"6":{"start":{"line":69,"column":19},"end":{"line":69,"column":47}},"7":{"start":{"line":70,"column":6},"end":{"line":72,"column":7}},"8":{"start":{"line":71,"column":8},"end":{"line":71,"column":61}},"9":{"start":{"line":104,"column":32},"end":{"line":104,"column":51}},"10":{"start":{"line":136,"column":21},"end":{"line":140,"column":1}},"11":{"start":{"line":143,"column":0},"end":{"line":157,"column":3}},"12":{"start":{"line":144,"column":2},"end":{"line":156,"column":3}},"13":{"start":{"line":145,"column":20},"end":{"line":145,"column":53}},"14":{"start":{"line":146,"column":4},"end":{"line":148,"column":5}},"15":{"start":{"line":147,"column":6},"end":{"line":147,"column":91}},"16":{"start":{"line":149,"column":19},"end":{"line":149,"column":62}},"17":{"start":{"line":150,"column":4},"end":{"line":152,"column":5}},"18":{"start":{"line":151,"column":6},"end":{"line":151,"column":80}},"19":{"start":{"line":153,"column":4},"end":{"line":153,"column":46}},"20":{"start":{"line":155,"column":4},"end":{"line":155,"column":49}},"21":{"start":{"line":160,"column":0},"end":{"line":175,"column":3}},"22":{"start":{"line":161,"column":23},"end":{"line":161,"column":44}},"23":{"start":{"line":162,"column":2},"end":{"line":166,"column":3}},"24":{"start":{"line":163,"column":4},"end":{"line":165,"column":7}},"25":{"start":{"line":167,"column":2},"end":{"line":174,"column":3}},"26":{"start":{"line":168,"column":17},"end":{"line":168,"column":41}},"27":{"start":{"line":169,"column":4},"end":{"line":169,"column":61}},"28":{"start":{"line":170,"column":19},"end":{"line":170,"column":45}},"29":{"start":{"line":171,"column":4},"end":{"line":171,"column":33}},"30":{"start":{"line":173,"column":4},"end":{"line":173,"column":49}},"31":{"start":{"line":178,"column":0},"end":{"line":188,"column":3}},"32":{"start":{"line":179,"column":2},"end":{"line":187,"column":3}},"33":{"start":{"line":180,"column":18},"end":{"line":180,"column":38}},"34":{"start":{"line":181,"column":4},"end":{"line":181,"column":32}},"35":{"start":{"line":183,"column":4},"end":{"line":186,"column":7}},"36":{"start":{"line":191,"column":0},"end":{"line":209,"column":3}},"37":{"start":{"line":192,"column":2},"end":{"line":208,"column":3}},"38":{"start":{"line":193,"column":17},"end":{"line":193,"column":50}},"39":{"start":{"line":194,"column":4},"end":{"line":196,"column":5}},"40":{"start":{"line":195,"column":6},"end":{"line":195,"column":69}},"41":{"start":{"line":197,"column":4},"end":{"line":197,"column":31}},"42":{"start":{"line":199,"column":4},"end":{"line":207,"column":7}},"43":{"start":{"line":211,"column":20},"end":{"line":220,"column":1}},"44":{"start":{"line":223,"column":0},"end":{"line":233,"column":3}},"45":{"start":{"line":224,"column":2},"end":{"line":232,"column":3}},"46":{"start":{"line":225,"column":19},"end":{"line":225,"column":59}},"47":{"start":{"line":226,"column":4},"end":{"line":226,"column":33}},"48":{"start":{"line":228,"column":4},"end":{"line":231,"column":7}},"49":{"start":{"line":236,"column":0},"end":{"line":286,"column":3}},"50":{"start":{"line":237,"column":23},"end":{"line":237,"column":44}},"51":{"start":{"line":238,"column":2},"end":{"line":240,"column":3}},"52":{"start":{"line":239,"column":4},"end":{"line":239,"column":66}},"53":{"start":{"line":241,"column":27},"end":{"line":241,"column":35}},"54":{"start":{"line":242,"column":2},"end":{"line":285,"column":3}},"55":{"start":{"line":243,"column":20},"end":{"line":243,"column":49}},"56":{"start":{"line":244,"column":4},"end":{"line":254,"column":5}},"57":{"start":{"line":245,"column":6},"end":{"line":253,"column":9}},"58":{"start":{"line":255,"column":20},"end":{"line":255,"column":62}},"59":{"start":{"line":256,"column":4},"end":{"line":266,"column":5}},"60":{"start":{"line":257,"column":6},"end":{"line":265,"column":9}},"61":{"start":{"line":268,"column":6},"end":{"line":268,"column":62}},"62":{"start":{"line":269,"column":4},"end":{"line":282,"column":6}},"63":{"start":{"line":274,"column":8},"end":{"line":276,"column":9}},"64":{"start":{"line":275,"column":10},"end":{"line":275,"column":20}},"65":{"start":{"line":277,"column":8},"end":{"line":280,"column":11}},"66":{"start":{"line":284,"column":4},"end":{"line":284,"column":82}},"67":{"start":{"line":289,"column":0},"end":{"line":302,"column":3}},"68":{"start":{"line":290,"column":20},"end":{"line":290,"column":34}},"69":{"start":{"line":291,"column":2},"end":{"line":291,"column":22}},"70":{"start":{"line":292,"column":2},"end":{"line":301,"column":3}},"71":{"start":{"line":293,"column":19},"end":{"line":293,"column":40}},"72":{"start":{"line":294,"column":4},"end":{"line":296,"column":5}},"73":{"start":{"line":295,"column":6},"end":{"line":295,"column":62}},"74":{"start":{"line":297,"column":4},"end":{"line":297,"column":57}},"75":{"start":{"line":298,"column":4},"end":{"line":298,"column":68}},"76":{"start":{"line":300,"column":4},"end":{"line":300,"column":50}},"77":{"start":{"line":305,"column":0},"end":{"line":318,"column":3}},"78":{"start":{"line":306,"column":20},"end":{"line":306,"column":32}},"79":{"start":{"line":307,"column":2},"end":{"line":307,"column":22}},"80":{"start":{"line":308,"column":2},"end":{"line":317,"column":3}},"81":{"start":{"line":309,"column":19},"end":{"line":309,"column":40}},"82":{"start":{"line":310,"column":4},"end":{"line":312,"column":5}},"83":{"start":{"line":311,"column":6},"end":{"line":311,"column":62}},"84":{"start":{"line":313,"column":4},"end":{"line":313,"column":57}},"85":{"start":{"line":314,"column":4},"end":{"line":314,"column":68}},"86":{"start":{"line":316,"column":4},"end":{"line":316,"column":50}},"87":{"start":{"line":321,"column":0},"end":{"line":340,"column":3}},"88":{"start":{"line":322,"column":2},"end":{"line":339,"column":3}},"89":{"start":{"line":323,"column":19},"end":{"line":323,"column":54}},"90":{"start":{"line":324,"column":4},"end":{"line":336,"column":5}},"91":{"start":{"line":325,"column":6},"end":{"line":333,"column":9}},"92":{"start":{"line":335,"column":6},"end":{"line":335,"column":68}},"93":{"start":{"line":338,"column":4},"end":{"line":338,"column":49}},"94":{"start":{"line":343,"column":0},"end":{"line":356,"column":3}},"95":{"start":{"line":344,"column":2},"end":{"line":355,"column":3}},"96":{"start":{"line":345,"column":20},"end":{"line":345,"column":52}},"97":{"start":{"line":346,"column":4},"end":{"line":348,"column":5}},"98":{"start":{"line":347,"column":6},"end":{"line":347,"column":69}},"99":{"start":{"line":349,"column":4},"end":{"line":349,"column":34}},"100":{"start":{"line":351,"column":4},"end":{"line":354,"column":7}},"101":{"start":{"line":359,"column":0},"end":{"line":403,"column":3}},"102":{"start":{"line":375,"column":17},"end":{"line":375,"column":38}},"103":{"start":{"line":376,"column":2},"end":{"line":378,"column":3}},"104":{"start":{"line":377,"column":4},"end":{"line":377,"column":60}},"105":{"start":{"line":380,"column":36},"end":{"line":380,"column":44}},"106":{"start":{"line":381,"column":17},"end":{"line":381,"column":31}},"107":{"start":{"line":383,"column":2},"end":{"line":402,"column":3}},"108":{"start":{"line":384,"column":20},"end":{"line":384,"column":46}},"109":{"start":{"line":385,"column":4},"end":{"line":387,"column":5}},"110":{"start":{"line":386,"column":6},"end":{"line":386,"column":69}},"111":{"start":{"line":389,"column":25},"end":{"line":389,"column":72}},"112":{"start":{"line":390,"column":4},"end":{"line":392,"column":5}},"113":{"start":{"line":391,"column":6},"end":{"line":391,"column":68}},"114":{"start":{"line":394,"column":17},"end":{"line":394,"column":41}},"115":{"start":{"line":395,"column":22},"end":{"line":395,"column":56}},"116":{"start":{"line":397,"column":4},"end":{"line":397,"column":48}},"117":{"start":{"line":399,"column":4},"end":{"line":399,"column":66}},"118":{"start":{"line":401,"column":4},"end":{"line":401,"column":83}},"119":{"start":{"line":406,"column":0},"end":{"line":457,"column":3}},"120":{"start":{"line":415,"column":17},"end":{"line":415,"column":38}},"121":{"start":{"line":416,"column":2},"end":{"line":418,"column":3}},"122":{"start":{"line":417,"column":4},"end":{"line":417,"column":60}},"123":{"start":{"line":420,"column":20},"end":{"line":420,"column":28}},"124":{"start":{"line":422,"column":2},"end":{"line":456,"column":3}},"125":{"start":{"line":423,"column":20},"end":{"line":423,"column":57}},"126":{"start":{"line":424,"column":4},"end":{"line":429,"column":5}},"127":{"start":{"line":425,"column":6},"end":{"line":428,"column":9}},"128":{"start":{"line":431,"column":25},"end":{"line":431,"column":61}},"129":{"start":{"line":432,"column":17},"end":{"line":432,"column":41}},"130":{"start":{"line":433,"column":27},"end":{"line":433,"column":64}},"131":{"start":{"line":434,"column":22},"end":{"line":434,"column":32}},"132":{"start":{"line":435,"column":4},"end":{"line":435,"column":49}},"133":{"start":{"line":437,"column":4},"end":{"line":437,"column":65}},"134":{"start":{"line":439,"column":4},"end":{"line":450,"column":5}},"135":{"start":{"line":440,"column":6},"end":{"line":440,"column":56}},"136":{"start":{"line":441,"column":6},"end":{"line":444,"column":9}},"137":{"start":{"line":446,"column":6},"end":{"line":449,"column":9}},"138":{"start":{"line":452,"column":4},"end":{"line":455,"column":7}},"139":{"start":{"line":460,"column":0},"end":{"line":504,"column":3}},"140":{"start":{"line":477,"column":17},"end":{"line":477,"column":38}},"141":{"start":{"line":478,"column":2},"end":{"line":480,"column":3}},"142":{"start":{"line":479,"column":4},"end":{"line":479,"column":60}},"143":{"start":{"line":482,"column":24},"end":{"line":482,"column":32}},"144":{"start":{"line":483,"column":17},"end":{"line":483,"column":31}},"145":{"start":{"line":485,"column":2},"end":{"line":503,"column":3}},"146":{"start":{"line":486,"column":20},"end":{"line":486,"column":46}},"147":{"start":{"line":487,"column":4},"end":{"line":489,"column":5}},"148":{"start":{"line":488,"column":6},"end":{"line":488,"column":69}},"149":{"start":{"line":491,"column":17},"end":{"line":491,"column":41}},"150":{"start":{"line":492,"column":27},"end":{"line":492,"column":61}},"151":{"start":{"line":494,"column":4},"end":{"line":494,"column":58}},"152":{"start":{"line":496,"column":4},"end":{"line":496,"column":64}},"153":{"start":{"line":499,"column":4},"end":{"line":502,"column":7}},"154":{"start":{"line":507,"column":33},"end":{"line":575,"column":1}},"155":{"start":{"line":519,"column":32},"end":{"line":519,"column":51}},"156":{"start":{"line":523,"column":19},"end":{"line":523,"column":45}},"157":{"start":{"line":524,"column":6},"end":{"line":526,"column":7}},"158":{"start":{"line":525,"column":8},"end":{"line":525,"column":68}},"159":{"start":{"line":537,"column":19},"end":{"line":537,"column":47}},"160":{"start":{"line":538,"column":6},"end":{"line":540,"column":7}},"161":{"start":{"line":539,"column":8},"end":{"line":539,"column":70}},"162":{"start":{"line":572,"column":32},"end":{"line":572,"column":51}},"163":{"start":{"line":578,"column":0},"end":{"line":601,"column":3}},"164":{"start":{"line":579,"column":17},"end":{"line":579,"column":38}},"165":{"start":{"line":580,"column":2},"end":{"line":582,"column":3}},"166":{"start":{"line":581,"column":4},"end":{"line":581,"column":60}},"167":{"start":{"line":584,"column":17},"end":{"line":584,"column":31}},"168":{"start":{"line":586,"column":2},"end":{"line":600,"column":3}},"169":{"start":{"line":587,"column":20},"end":{"line":587,"column":46}},"170":{"start":{"line":588,"column":4},"end":{"line":590,"column":5}},"171":{"start":{"line":589,"column":6},"end":{"line":589,"column":69}},"172":{"start":{"line":592,"column":4},"end":{"line":592,"column":43}},"173":{"start":{"line":594,"column":4},"end":{"line":594,"column":67}},"174":{"start":{"line":596,"column":4},"end":{"line":599,"column":7}}},"fnMap":{"0":{"name":"(anonymous_0)","decl":{"start":{"line":50,"column":19},"end":{"line":50,"column":20}},"loc":{"start":{"line":50,"column":30},"end":{"line":50,"column":49}},"line":50},"1":{"name":"(anonymous_1)","decl":{"start":{"line":53,"column":12},"end":{"line":53,"column":13}},"loc":{"start":{"line":53,"column":38},"end":{"line":58,"column":5}},"line":53},"2":{"name":"(anonymous_2)","decl":{"start":{"line":68,"column":12},"end":{"line":68,"column":13}},"loc":{"start":{"line":68,"column":38},"end":{"line":73,"column":5}},"line":68},"3":{"name":"(anonymous_3)","decl":{"start":{"line":104,"column":21},"end":{"line":104,"column":22}},"loc":{"start":{"line":104,"column":32},"end":{"line":104,"column":51}},"line":104},"4":{"name":"(anonymous_4)","decl":{"start":{"line":143,"column":26},"end":{"line":143,"column":27}},"loc":{"start":{"line":143,"column":46},"end":{"line":157,"column":1}},"line":143},"5":{"name":"(anonymous_5)","decl":{"start":{"line":160,"column":32},"end":{"line":160,"column":33}},"loc":{"start":{"line":160,"column":52},"end":{"line":175,"column":1}},"line":160},"6":{"name":"(anonymous_6)","decl":{"start":{"line":178,"column":22},"end":{"line":178,"column":23}},"loc":{"start":{"line":178,"column":42},"end":{"line":188,"column":1}},"line":178},"7":{"name":"(anonymous_7)","decl":{"start":{"line":191,"column":28},"end":{"line":191,"column":29}},"loc":{"start":{"line":191,"column":48},"end":{"line":209,"column":1}},"line":191},"8":{"name":"(anonymous_8)","decl":{"start":{"line":223,"column":28},"end":{"line":223,"column":29}},"loc":{"start":{"line":223,"column":48},"end":{"line":233,"column":1}},"line":223},"9":{"name":"(anonymous_9)","decl":{"start":{"line":236,"column":35},"end":{"line":236,"column":36}},"loc":{"start":{"line":236,"column":55},"end":{"line":286,"column":1}},"line":236},"10":{"name":"(anonymous_10)","decl":{"start":{"line":273,"column":6},"end":{"line":273,"column":7}},"loc":{"start":{"line":273,"column":22},"end":{"line":281,"column":7}},"line":273},"11":{"name":"(anonymous_11)","decl":{"start":{"line":289,"column":42},"end":{"line":289,"column":43}},"loc":{"start":{"line":289,"column":62},"end":{"line":302,"column":1}},"line":289},"12":{"name":"(anonymous_12)","decl":{"start":{"line":305,"column":45},"end":{"line":305,"column":46}},"loc":{"start":{"line":305,"column":65},"end":{"line":318,"column":1}},"line":305},"13":{"name":"(anonymous_13)","decl":{"start":{"line":321,"column":28},"end":{"line":321,"column":29}},"loc":{"start":{"line":321,"column":48},"end":{"line":340,"column":1}},"line":321},"14":{"name":"(anonymous_14)","decl":{"start":{"line":343,"column":24},"end":{"line":343,"column":25}},"loc":{"start":{"line":343,"column":44},"end":{"line":356,"column":1}},"line":343},"15":{"name":"(anonymous_15)","decl":{"start":{"line":374,"column":3},"end":{"line":374,"column":4}},"loc":{"start":{"line":374,"column":23},"end":{"line":403,"column":1}},"line":374},"16":{"name":"(anonymous_16)","decl":{"start":{"line":414,"column":3},"end":{"line":414,"column":4}},"loc":{"start":{"line":414,"column":23},"end":{"line":457,"column":1}},"line":414},"17":{"name":"(anonymous_17)","decl":{"start":{"line":476,"column":3},"end":{"line":476,"column":4}},"loc":{"start":{"line":476,"column":23},"end":{"line":504,"column":1}},"line":476},"18":{"name":"(anonymous_18)","decl":{"start":{"line":519,"column":21},"end":{"line":519,"column":22}},"loc":{"start":{"line":519,"column":32},"end":{"line":519,"column":51}},"line":519},"19":{"name":"(anonymous_19)","decl":{"start":{"line":522,"column":12},"end":{"line":522,"column":13}},"loc":{"start":{"line":522,"column":38},"end":{"line":527,"column":5}},"line":522},"20":{"name":"(anonymous_20)","decl":{"start":{"line":536,"column":12},"end":{"line":536,"column":13}},"loc":{"start":{"line":536,"column":38},"end":{"line":541,"column":5}},"line":536},"21":{"name":"(anonymous_21)","decl":{"start":{"line":572,"column":21},"end":{"line":572,"column":22}},"loc":{"start":{"line":572,"column":32},"end":{"line":572,"column":51}},"line":572},"22":{"name":"(anonymous_22)","decl":{"start":{"line":578,"column":50},"end":{"line":578,"column":51}},"loc":{"start":{"line":578,"column":70},"end":{"line":601,"column":1}},"line":578}},"branchMap":{"0":{"loc":{"start":{"line":55,"column":6},"end":{"line":57,"column":7}},"type":"if","locations":[{"start":{"line":55,"column":6},"end":{"line":57,"column":7}},{"start":{},"end":{}}],"line":55},"1":{"loc":{"start":{"line":55,"column":10},"end":{"line":55,"column":32}},"type":"binary-expr","locations":[{"start":{"line":55,"column":10},"end":{"line":55,"column":14}},{"start":{"line":55,"column":18},"end":{"line":55,"column":32}}],"line":55},"2":{"loc":{"start":{"line":70,"column":6},"end":{"line":72,"column":7}},"type":"if","locations":[{"start":{"line":70,"column":6},"end":{"line":72,"column":7}},{"start":{},"end":{}}],"line":70},"3":{"loc":{"start":{"line":70,"column":10},"end":{"line":70,"column":32}},"type":"binary-expr","locations":[{"start":{"line":70,"column":10},"end":{"line":70,"column":14}},{"start":{"line":70,"column":18},"end":{"line":70,"column":32}}],"line":70},"4":{"loc":{"start":{"line":146,"column":4},"end":{"line":148,"column":5}},"type":"if","locations":[{"start":{"line":146,"column":4},"end":{"line":148,"column":5}},{"start":{},"end":{}}],"line":146},"5":{"loc":{"start":{"line":146,"column":8},"end":{"line":146,"column":43}},"type":"binary-expr","locations":[{"start":{"line":146,"column":8},"end":{"line":146,"column":16}},{"start":{"line":146,"column":20},"end":{"line":146,"column":43}}],"line":146},"6":{"loc":{"start":{"line":150,"column":4},"end":{"line":152,"column":5}},"type":"if","locations":[{"start":{"line":150,"column":4},"end":{"line":152,"column":5}},{"start":{},"end":{}}],"line":150},"7":{"loc":{"start":{"line":150,"column":8},"end":{"line":150,"column":30}},"type":"binary-expr","locations":[{"start":{"line":150,"column":8},"end":{"line":150,"column":15}},{"start":{"line":150,"column":19},"end":{"line":150,"column":30}}],"line":150},"8":{"loc":{"start":{"line":162,"column":2},"end":{"line":166,"column":3}},"type":"if","locations":[{"start":{"line":162,"column":2},"end":{"line":166,"column":3}},{"start":{},"end":{}}],"line":162},"9":{"loc":{"start":{"line":194,"column":4},"end":{"line":196,"column":5}},"type":"if","locations":[{"start":{"line":194,"column":4},"end":{"line":196,"column":5}},{"start":{},"end":{}}],"line":194},"10":{"loc":{"start":{"line":238,"column":2},"end":{"line":240,"column":3}},"type":"if","locations":[{"start":{"line":238,"column":2},"end":{"line":240,"column":3}},{"start":{},"end":{}}],"line":238},"11":{"loc":{"start":{"line":244,"column":4},"end":{"line":254,"column":5}},"type":"if","locations":[{"start":{"line":244,"column":4},"end":{"line":254,"column":5}},{"start":{},"end":{}}],"line":244},"12":{"loc":{"start":{"line":256,"column":4},"end":{"line":266,"column":5}},"type":"if","locations":[{"start":{"line":256,"column":4},"end":{"line":266,"column":5}},{"start":{},"end":{}}],"line":256},"13":{"loc":{"start":{"line":268,"column":6},"end":{"line":268,"column":62}},"type":"cond-expr","locations":[{"start":{"line":268,"column":33},"end":{"line":268,"column":44}},{"start":{"line":268,"column":47},"end":{"line":268,"column":62}}],"line":268},"14":{"loc":{"start":{"line":274,"column":8},"end":{"line":276,"column":9}},"type":"if","locations":[{"start":{"line":274,"column":8},"end":{"line":276,"column":9}},{"start":{},"end":{}}],"line":274},"15":{"loc":{"start":{"line":294,"column":4},"end":{"line":296,"column":5}},"type":"if","locations":[{"start":{"line":294,"column":4},"end":{"line":296,"column":5}},{"start":{},"end":{}}],"line":294},"16":{"loc":{"start":{"line":310,"column":4},"end":{"line":312,"column":5}},"type":"if","locations":[{"start":{"line":310,"column":4},"end":{"line":312,"column":5}},{"start":{},"end":{}}],"line":310},"17":{"loc":{"start":{"line":324,"column":4},"end":{"line":336,"column":5}},"type":"if","locations":[{"start":{"line":324,"column":4},"end":{"line":336,"column":5}},{"start":{"line":334,"column":11},"end":{"line":336,"column":5}}],"line":324},"18":{"loc":{"start":{"line":346,"column":4},"end":{"line":348,"column":5}},"type":"if","locations":[{"start":{"line":346,"column":4},"end":{"line":348,"column":5}},{"start":{},"end":{}}],"line":346},"19":{"loc":{"start":{"line":376,"column":2},"end":{"line":378,"column":3}},"type":"if","locations":[{"start":{"line":376,"column":2},"end":{"line":378,"column":3}},{"start":{},"end":{}}],"line":376},"20":{"loc":{"start":{"line":385,"column":4},"end":{"line":387,"column":5}},"type":"if","locations":[{"start":{"line":385,"column":4},"end":{"line":387,"column":5}},{"start":{},"end":{}}],"line":385},"21":{"loc":{"start":{"line":390,"column":4},"end":{"line":392,"column":5}},"type":"if","locations":[{"start":{"line":390,"column":4},"end":{"line":392,"column":5}},{"start":{},"end":{}}],"line":390},"22":{"loc":{"start":{"line":416,"column":2},"end":{"line":418,"column":3}},"type":"if","locations":[{"start":{"line":416,"column":2},"end":{"line":418,"column":3}},{"start":{},"end":{}}],"line":416},"23":{"loc":{"start":{"line":424,"column":4},"end":{"line":429,"column":5}},"type":"if","locations":[{"start":{"line":424,"column":4},"end":{"line":429,"column":5}},{"start":{},"end":{}}],"line":424},"24":{"loc":{"start":{"line":478,"column":2},"end":{"line":480,"column":3}},"type":"if","locations":[{"start":{"line":478,"column":2},"end":{"line":480,"column":3}},{"start":{},"end":{}}],"line":478},"25":{"loc":{"start":{"line":487,"column":4},"end":{"line":489,"column":5}},"type":"if","locations":[{"start":{"line":487,"column":4},"end":{"line":489,"column":5}},{"start":{},"end":{}}],"line":487},"26":{"loc":{"start":{"line":524,"column":6},"end":{"line":526,"column":7}},"type":"if","locations":[{"start":{"line":524,"column":6},"end":{"line":526,"column":7}},{"start":{},"end":{}}],"line":524},"27":{"loc":{"start":{"line":524,"column":10},"end":{"line":524,"column":54}},"type":"binary-expr","locations":[{"start":{"line":524,"column":10},"end":{"line":524,"column":14}},{"start":{"line":524,"column":18},"end":{"line":524,"column":54}}],"line":524},"28":{"loc":{"start":{"line":538,"column":6},"end":{"line":540,"column":7}},"type":"if","locations":[{"start":{"line":538,"column":6},"end":{"line":540,"column":7}},{"start":{},"end":{}}],"line":538},"29":{"loc":{"start":{"line":538,"column":10},"end":{"line":538,"column":54}},"type":"binary-expr","locations":[{"start":{"line":538,"column":10},"end":{"line":538,"column":14}},{"start":{"line":538,"column":18},"end":{"line":538,"column":54}}],"line":538},"30":{"loc":{"start":{"line":580,"column":2},"end":{"line":582,"column":3}},"type":"if","locations":[{"start":{"line":580,"column":2},"end":{"line":582,"column":3}},{"start":{},"end":{}}],"line":580},"31":{"loc":{"start":{"line":588,"column":4},"end":{"line":590,"column":5}},"type":"if","locations":[{"start":{"line":588,"column":4},"end":{"line":590,"column":5}},{"start":{},"end":{}}],"line":588}},"s":{"0":2,"1":2,"2":7,"3":7,"4":7,"5":1,"6":7,"7":7,"8":1,"9":0,"10":2,"11":2,"12":2,"13":2,"14":2,"15":1,"16":1,"17":1,"18":0,"19":1,"20":0,"21":2,"22":7,"23":7,"24":5,"25":2,"26":2,"27":2,"28":2,"29":2,"30":0,"31":2,"32":2,"33":2,"34":1,"35":1,"36":2,"37":2,"38":2,"39":2,"40":1,"41":1,"42":0,"43":2,"44":2,"45":1,"46":1,"47":1,"48":0,"49":2,"50":5,"51":5,"52":1,"53":4,"54":4,"55":4,"56":4,"57":1,"58":3,"59":3,"60":1,"61":2,"62":2,"63":2,"64":0,"65":2,"66":0,"67":2,"68":2,"69":2,"70":2,"71":2,"72":2,"73":1,"74":1,"75":1,"76":0,"77":2,"78":1,"79":1,"80":1,"81":1,"82":1,"83":0,"84":1,"85":1,"86":0,"87":2,"88":2,"89":2,"90":2,"91":1,"92":1,"93":0,"94":2,"95":2,"96":2,"97":2,"98":1,"99":1,"100":0,"101":2,"102":4,"103":4,"104":1,"105":3,"106":3,"107":3,"108":3,"109":3,"110":1,"111":2,"112":2,"113":1,"114":1,"115":1,"116":1,"117":1,"118":0,"119":2,"120":4,"121":4,"122":1,"123":3,"124":3,"125":3,"126":3,"127":1,"128":2,"129":2,"130":2,"131":2,"132":2,"133":2,"134":2,"135":2,"136":1,"137":1,"138":0,"139":2,"140":3,"141":3,"142":1,"143":2,"144":2,"145":2,"146":2,"147":2,"148":1,"149":1,"150":1,"151":1,"152":1,"153":0,"154":2,"155":1,"156":1,"157":1,"158":1,"159":0,"160":0,"161":0,"162":0,"163":2,"164":3,"165":3,"166":1,"167":2,"168":2,"169":2,"170":2,"171":1,"172":1,"173":1,"174":0},"f":{"0":7,"1":7,"2":7,"3":0,"4":2,"5":7,"6":2,"7":2,"8":1,"9":5,"10":2,"11":2,"12":1,"13":2,"14":2,"15":4,"16":4,"17":3,"18":1,"19":1,"20":0,"21":0,"22":3},"b":{"0":[1,6],"1":[7,1],"2":[1,6],"3":[7,1],"4":[1,1],"5":[2,2],"6":[0,1],"7":[1,1],"8":[5,2],"9":[1,1],"10":[1,4],"11":[1,3],"12":[1,2],"13":[1,1],"14":[0,2],"15":[1,1],"16":[0,1],"17":[1,1],"18":[1,1],"19":[1,3],"20":[1,2],"21":[1,1],"22":[1,3],"23":[1,2],"24":[1,2],"25":[1,1],"26":[1,0],"27":[1,1],"28":[0,0],"29":[0,0],"30":[1,2],"31":[1,1]},"inputSourceMap":null,"_coverageSchema":"1a1c01bbd47fc00a2c39e90264f33305004495a9","hash":"64b4f8c7b1343f63fe8d499d493458dfbe8f1742"}
}
