TN:
SF:api\middleware\auth.js
FN:4,auth
FNF:1
FNH:1
FNDA:50,auth
DA:5,50
DA:6,50
DA:9,48
DA:10,48
DA:11,46
DA:12,46
DA:14,2
LF:7
LH:7
BRDA:6,0,0,2
BRDA:6,0,1,48
BRF:2
BRH:2
end_of_record
TN:
SF:api\routes\beneficio.js
FN:50,(anonymous_0)
FN:70,(anonymous_1)
FN:88,(anonymous_2)
FN:106,(anonymous_3)
FN:127,(anonymous_4)
FN:146,(anonymous_5)
FN:168,(anonymous_6)
FN:182,(anonymous_7)
FN:198,(anonymous_8)
FNF:9
FNH:9
FNDA:5,(anonymous_0)
FNDA:3,(anonymous_1)
FNDA:1,(anonymous_2)
FNDA:2,(anonymous_3)
FNDA:1,(anonymous_4)
FNDA:2,(anonymous_5)
FNDA:4,(anonymous_6)
FNDA:1,(anonymous_7)
FNDA:2,(anonymous_8)
DA:17,1
DA:19,1
DA:51,5
DA:52,1
DA:54,4
DA:63,1
DA:70,1
DA:71,3
DA:72,3
DA:73,3
DA:78,2
DA:80,1
DA:88,1
DA:89,1
DA:90,1
DA:91,1
DA:96,1
DA:98,0
DA:106,1
DA:107,2
DA:108,2
DA:109,2
DA:110,1
DA:112,1
DA:114,0
DA:127,1
DA:128,1
DA:129,1
DA:130,1
DA:131,1
DA:133,0
DA:146,1
DA:147,2
DA:148,2
DA:149,2
DA:150,1
DA:160,1
DA:163,0
DA:168,1
DA:169,4
DA:170,4
DA:171,4
DA:172,3
DA:174,1
DA:175,1
DA:177,0
DA:182,1
DA:183,1
DA:184,1
DA:185,1
DA:186,1
DA:187,1
DA:188,0
DA:190,1
DA:191,1
DA:193,0
DA:198,1
DA:199,2
DA:200,2
DA:201,2
DA:202,2
DA:203,2
DA:204,1
DA:206,1
DA:207,1
DA:209,0
LF:66
LH:58
BRDA:51,0,0,1
BRDA:51,0,1,4
BRDA:74,1,0,3
BRDA:74,1,1,2
BRDA:75,2,0,3
BRDA:75,2,1,2
BRDA:76,3,0,3
BRDA:76,3,1,2
BRDA:92,4,0,1
BRDA:92,4,1,1
BRDA:93,5,0,1
BRDA:93,5,1,1
BRDA:94,6,0,1
BRDA:94,6,1,1
BRDA:109,7,0,1
BRDA:109,7,1,1
BRDA:149,8,0,1
BRDA:149,8,1,1
BRDA:171,9,0,3
BRDA:171,9,1,1
BRDA:187,10,0,0
BRDA:187,10,1,1
BRDA:203,11,0,1
BRDA:203,11,1,1
BRF:24
BRH:23
end_of_record
TN:
SF:api\routes\histRouter.js
FN:14,getBrazilDateTime
FN:22,(anonymous_1)
FN:49,(anonymous_2)
FN:64,(anonymous_3)
FN:74,formatDateToBrazil
FN:79,(anonymous_5)
FN:83,(anonymous_6)
FN:87,(anonymous_7)
FN:96,(anonymous_8)
FN:105,formatDateToBrazil
FN:110,(anonymous_10)
FN:114,(anonymous_11)
FN:118,(anonymous_12)
FN:121,(anonymous_13)
FNF:14
FNH:14
FNDA:5,getBrazilDateTime
FNDA:4,(anonymous_1)
FNDA:3,(anonymous_2)
FNDA:4,(anonymous_3)
FNDA:4,formatDateToBrazil
FNDA:2,(anonymous_5)
FNDA:2,(anonymous_6)
FNDA:2,(anonymous_7)
FNDA:4,(anonymous_8)
FNDA:3,formatDateToBrazil
FNDA:2,(anonymous_10)
FNDA:1,(anonymous_11)
FNDA:2,(anonymous_12)
FNDA:3,(anonymous_13)
DA:12,1
DA:15,5
DA:18,5
DA:22,1
DA:23,4
DA:24,4
DA:25,4
DA:26,1
DA:28,3
DA:29,3
DA:30,1
DA:33,2
DA:34,1
DA:40,1
DA:41,1
DA:49,1
DA:50,3
DA:51,3
DA:52,3
DA:53,1
DA:55,2
DA:56,2
DA:57,1
DA:59,1
DA:64,1
DA:65,4
DA:66,4
DA:67,4
DA:68,4
DA:69,4
DA:71,4
DA:72,3
DA:75,4
DA:78,3
DA:79,2
DA:83,2
DA:87,2
DA:89,3
DA:91,1
DA:96,1
DA:97,4
DA:98,4
DA:99,4
DA:100,4
DA:102,4
DA:103,3
DA:106,3
DA:109,3
DA:110,2
DA:114,1
DA:118,2
DA:121,3
DA:122,3
DA:123,3
DA:124,3
DA:127,3
DA:129,1
LF:57
LH:57
BRDA:25,0,0,1
BRDA:25,0,1,3
BRDA:25,1,0,4
BRDA:25,1,1,4
BRDA:25,1,2,3
BRDA:33,2,0,1
BRDA:33,2,1,1
BRDA:33,3,0,2
BRDA:33,3,1,1
BRDA:33,3,2,1
BRDA:33,3,3,1
BRDA:52,4,0,1
BRDA:52,4,1,2
BRDA:52,5,0,3
BRDA:52,5,1,3
BRDA:52,5,2,2
BRDA:52,5,3,2
BRDA:68,6,0,1
BRDA:68,6,1,3
BRDA:69,7,0,1
BRDA:69,7,1,3
BRDA:99,8,0,1
BRDA:99,8,1,3
BRDA:100,9,0,1
BRDA:100,9,1,3
BRDA:122,10,0,2
BRDA:122,10,1,1
BRF:27
BRH:27
end_of_record
TN:
SF:api\routes\upload.js
FN:26,(anonymous_0)
FN:71,(anonymous_1)
FN:82,(anonymous_2)
FNF:3
FNH:3
FNDA:6,(anonymous_0)
FNDA:3,(anonymous_1)
FNDA:6,(anonymous_2)
DA:10,1
DA:12,1
DA:21,1
DA:26,1
DA:27,6
DA:28,6
DA:29,1
DA:32,5
DA:33,5
DA:43,5
DA:44,4
DA:46,3
DA:47,3
DA:48,2
DA:49,2
DA:51,1
DA:52,1
DA:57,2
DA:58,2
DA:62,1
DA:63,1
DA:64,1
DA:66,1
DA:71,1
DA:72,3
DA:73,3
DA:74,2
DA:75,1
DA:77,1
DA:82,1
DA:83,6
DA:84,6
DA:85,6
DA:86,5
DA:87,1
DA:91,4
DA:92,4
DA:93,3
DA:97,1
DA:98,1
DA:101,3
DA:102,3
DA:103,1
DA:106,2
DA:108,1
LF:45
LH:45
BRDA:28,0,0,1
BRDA:28,0,1,5
BRDA:44,1,0,3
BRDA:44,1,1,1
BRDA:44,2,0,4
BRDA:44,2,1,4
BRDA:47,3,0,2
BRDA:47,3,1,1
BRDA:47,4,0,3
BRDA:47,4,1,3
BRDA:74,5,0,1
BRDA:74,5,1,1
BRDA:86,6,0,1
BRDA:86,6,1,4
BRDA:92,7,0,3
BRDA:92,7,1,1
BRDA:102,8,0,1
BRDA:102,8,1,2
BRF:18
BRH:18
end_of_record
TN:
SF:api\routes\usuario.js
FN:50,(anonymous_0)
FN:53,(anonymous_1)
FN:68,(anonymous_2)
FN:104,(anonymous_3)
FN:143,(anonymous_4)
FN:160,(anonymous_5)
FN:178,(anonymous_6)
FN:191,(anonymous_7)
FN:223,(anonymous_8)
FN:236,(anonymous_9)
FN:273,(anonymous_10)
FN:289,(anonymous_11)
FN:305,(anonymous_12)
FN:321,(anonymous_13)
FN:343,(anonymous_14)
FN:374,(anonymous_15)
FN:414,(anonymous_16)
FN:476,(anonymous_17)
FN:519,(anonymous_18)
FN:522,(anonymous_19)
FN:536,(anonymous_20)
FN:572,(anonymous_21)
FN:578,(anonymous_22)
FNF:23
FNH:20
FNDA:7,(anonymous_0)
FNDA:7,(anonymous_1)
FNDA:7,(anonymous_2)
FNDA:0,(anonymous_3)
FNDA:2,(anonymous_4)
FNDA:7,(anonymous_5)
FNDA:2,(anonymous_6)
FNDA:2,(anonymous_7)
FNDA:1,(anonymous_8)
FNDA:5,(anonymous_9)
FNDA:2,(anonymous_10)
FNDA:2,(anonymous_11)
FNDA:1,(anonymous_12)
FNDA:2,(anonymous_13)
FNDA:2,(anonymous_14)
FNDA:4,(anonymous_15)
FNDA:4,(anonymous_16)
FNDA:3,(anonymous_17)
FNDA:1,(anonymous_18)
FNDA:1,(anonymous_19)
FNDA:0,(anonymous_20)
FNDA:0,(anonymous_21)
FNDA:3,(anonymous_22)
DA:29,2
DA:31,2
DA:50,7
DA:54,7
DA:55,7
DA:56,1
DA:69,7
DA:70,7
DA:71,1
DA:104,0
DA:136,2
DA:143,2
DA:144,2
DA:145,2
DA:146,2
DA:147,1
DA:149,1
DA:150,1
DA:151,0
DA:153,1
DA:155,0
DA:160,2
DA:161,7
DA:162,7
DA:163,5
DA:167,2
DA:168,2
DA:169,2
DA:170,2
DA:171,2
DA:173,0
DA:178,2
DA:179,2
DA:180,2
DA:181,1
DA:183,1
DA:191,2
DA:192,2
DA:193,2
DA:194,2
DA:195,1
DA:197,1
DA:199,0
DA:211,2
DA:223,2
DA:224,1
DA:225,1
DA:226,1
DA:228,0
DA:236,2
DA:237,5
DA:238,5
DA:239,1
DA:241,4
DA:242,4
DA:243,4
DA:244,4
DA:245,1
DA:255,3
DA:256,3
DA:257,1
DA:268,2
DA:269,2
DA:274,2
DA:275,0
DA:277,2
DA:284,0
DA:289,2
DA:290,2
DA:291,2
DA:292,2
DA:293,2
DA:294,2
DA:295,1
DA:297,1
DA:298,1
DA:300,0
DA:305,2
DA:306,1
DA:307,1
DA:308,1
DA:309,1
DA:310,1
DA:311,0
DA:313,1
DA:314,1
DA:316,0
DA:321,2
DA:322,2
DA:323,2
DA:324,2
DA:325,1
DA:335,1
DA:338,0
DA:343,2
DA:344,2
DA:345,2
DA:346,2
DA:347,1
DA:349,1
DA:351,0
DA:359,2
DA:375,4
DA:376,4
DA:377,1
DA:380,3
DA:381,3
DA:383,3
DA:384,3
DA:385,3
DA:386,1
DA:389,2
DA:390,2
DA:391,1
DA:394,1
DA:395,1
DA:397,1
DA:399,1
DA:401,0
DA:406,2
DA:415,4
DA:416,4
DA:417,1
DA:420,3
DA:422,3
DA:423,3
DA:424,3
DA:425,1
DA:431,2
DA:432,2
DA:433,2
DA:434,2
DA:435,2
DA:437,2
DA:439,2
DA:440,2
DA:441,1
DA:446,1
DA:452,0
DA:460,2
DA:477,3
DA:478,3
DA:479,1
DA:482,2
DA:483,2
DA:485,2
DA:486,2
DA:487,2
DA:488,1
DA:491,1
DA:492,1
DA:494,1
DA:496,1
DA:499,0
DA:507,2
DA:519,1
DA:523,1
DA:524,1
DA:525,1
DA:537,0
DA:538,0
DA:539,0
DA:572,0
DA:578,2
DA:579,3
DA:580,3
DA:581,1
DA:584,2
DA:586,2
DA:587,2
DA:588,2
DA:589,1
DA:592,1
DA:594,1
DA:596,0
LF:175
LH:154
BRDA:55,0,0,1
BRDA:55,0,1,6
BRDA:55,1,0,7
BRDA:55,1,1,1
BRDA:70,2,0,1
BRDA:70,2,1,6
BRDA:70,3,0,7
BRDA:70,3,1,1
BRDA:146,4,0,1
BRDA:146,4,1,1
BRDA:146,5,0,2
BRDA:146,5,1,2
BRDA:150,6,0,0
BRDA:150,6,1,1
BRDA:150,7,0,1
BRDA:150,7,1,1
BRDA:162,8,0,5
BRDA:162,8,1,2
BRDA:194,9,0,1
BRDA:194,9,1,1
BRDA:238,10,0,1
BRDA:238,10,1,4
BRDA:244,11,0,1
BRDA:244,11,1,3
BRDA:256,12,0,1
BRDA:256,12,1,2
BRDA:268,13,0,1
BRDA:268,13,1,1
BRDA:274,14,0,0
BRDA:274,14,1,2
BRDA:294,15,0,1
BRDA:294,15,1,1
BRDA:310,16,0,0
BRDA:310,16,1,1
BRDA:324,17,0,1
BRDA:324,17,1,1
BRDA:346,18,0,1
BRDA:346,18,1,1
BRDA:376,19,0,1
BRDA:376,19,1,3
BRDA:385,20,0,1
BRDA:385,20,1,2
BRDA:390,21,0,1
BRDA:390,21,1,1
BRDA:416,22,0,1
BRDA:416,22,1,3
BRDA:424,23,0,1
BRDA:424,23,1,2
BRDA:478,24,0,1
BRDA:478,24,1,2
BRDA:487,25,0,1
BRDA:487,25,1,1
BRDA:524,26,0,1
BRDA:524,26,1,0
BRDA:524,27,0,1
BRDA:524,27,1,1
BRDA:538,28,0,0
BRDA:538,28,1,0
BRDA:538,29,0,0
BRDA:538,29,1,0
BRDA:580,30,0,1
BRDA:580,30,1,2
BRDA:588,31,0,1
BRDA:588,31,1,1
BRF:64
BRH:56
end_of_record
